SF:lib/models/hobby.dart
DA:11,2
DA:20,2
DA:22,1
DA:24,1
DA:25,4
DA:28,1
DA:29,4
DA:32,2
DA:33,2
DA:34,1
DA:35,4
DA:36,1
DA:44,1
DA:50,1
DA:51,8
DA:54,2
DA:55,1
DA:56,1
DA:57,1
DA:58,1
DA:59,1
DA:60,1
DA:61,5
DA:62,2
DA:65,2
DA:66,1
DA:67,1
DA:68,1
DA:69,1
DA:70,1
DA:71,1
DA:72,2
DA:73,3
DA:75,1
DA:76,1
DA:77,0
DA:81,1
DA:90,1
DA:91,1
DA:92,1
DA:93,1
DA:94,1
DA:95,1
DA:96,1
DA:97,1
DA:98,1
DA:106,2
DA:111,2
DA:112,1
DA:113,2
DA:116,1
DA:117,1
DA:118,1
DA:119,1
DA:120,2
LF:55
LH:54
end_of_record
SF:lib/services/hobby_service.dart
DA:8,0
DA:9,0
DA:12,0
DA:18,0
DA:19,0
DA:20,0
DA:23,0
DA:27,0
DA:28,0
DA:29,0
DA:30,0
DA:31,0
DA:32,0
DA:37,0
DA:38,0
DA:39,0
DA:40,0
DA:41,0
DA:42,0
DA:43,0
DA:45,0
DA:46,0
DA:54,1
DA:55,2
DA:56,0
DA:59,0
DA:61,0
DA:62,0
DA:63,0
DA:64,0
DA:65,0
DA:66,0
DA:67,0
DA:75,0
DA:76,0
DA:78,0
DA:79,0
DA:80,0
DA:81,0
DA:82,0
DA:89,0
DA:90,0
DA:93,0
DA:95,0
DA:96,0
DA:97,0
DA:98,0
DA:99,0
DA:100,0
DA:101,0
DA:104,0
DA:108,0
DA:111,0
DA:115,0
DA:116,0
DA:118,0
DA:119,0
DA:120,0
DA:121,0
DA:122,0
DA:129,0
DA:130,0
DA:133,0
DA:136,0
DA:140,0
DA:141,0
DA:144,0
DA:145,0
DA:148,0
DA:151,0
DA:154,0
DA:156,0
DA:160,0
DA:164,0
DA:165,0
DA:167,0
DA:169,0
DA:172,0
DA:178,2
DA:179,4
DA:180,0
DA:183,0
DA:186,0
DA:187,0
DA:190,1
DA:191,2
DA:192,0
DA:194,0
DA:197,0
DA:204,1
DA:207,2
DA:208,1
DA:213,1
DA:214,2
DA:217,0
DA:218,0
DA:219,0
LF:97
LH:11
end_of_record
SF:lib/database/database_helper.dart
DA:7,6
DA:10,2
DA:12,2
DA:14,2
DA:18,2
DA:19,2
DA:20,0
DA:22,0
DA:25,0
DA:26,0
DA:28,0
DA:33,0
DA:35,0
DA:49,0
DA:62,0
DA:71,0
DA:75,0
DA:79,0
DA:83,0
DA:87,0
DA:91,0
DA:96,0
DA:99,0
DA:102,0
DA:105,0
DA:108,0
DA:111,0
DA:114,0
DA:117,0
DA:121,0
DA:122,0
DA:123,0
DA:126,0
DA:127,0
DA:128,0
DA:129,0
DA:131,0
DA:133,0
DA:135,0
DA:138,0
DA:143,0
DA:144,0
DA:145,0
LF:43
LH:6
end_of_record
SF:lib/screens/splash_screen.dart
DA:5,2
DA:7,1
DA:8,1
DA:15,1
DA:17,1
DA:19,2
DA:24,3
DA:25,1
DA:26,1
DA:31,2
DA:33,1
DA:36,1
DA:37,1
DA:39,1
DA:41,1
DA:42,1
DA:44,1
DA:47,3
DA:49,3
DA:53,1
DA:55,2
DA:56,1
DA:59,1
DA:61,1
DA:63,1
DA:64,1
DA:65,1
LF:27
LH:27
end_of_record
SF:lib/screens/name_input_screen.dart
DA:7,1
DA:9,1
DA:10,1
DA:17,1
DA:19,1
DA:20,3
DA:23,1
DA:24,2
DA:25,5
DA:29,0
DA:30,0
DA:31,0
DA:33,0
DA:34,0
DA:37,0
DA:38,0
DA:40,0
DA:41,0
DA:42,0
DA:47,1
DA:49,2
DA:50,1
DA:53,1
DA:55,1
DA:57,1
DA:58,1
DA:59,1
DA:61,1
DA:62,1
DA:63,11
DA:65,1
DA:66,1
DA:68,1
DA:89,1
DA:90,1
DA:96,1
DA:98,1
DA:99,1
DA:121,1
DA:122,1
DA:125,1
DA:126,2
DA:127,1
DA:130,1
DA:131,1
DA:135,1
DA:137,1
DA:138,1
DA:140,1
DA:141,1
DA:147,1
DA:149,1
LF:52
LH:42
end_of_record
SF:lib/screens/add_hobby_screen.dart
DA:8,2
DA:10,0
DA:11,0
DA:23,0
DA:25,0
DA:26,0
DA:27,0
DA:28,0
DA:29,0
DA:30,0
DA:34,0
DA:36,0
DA:37,0
DA:38,0
DA:41,0
DA:42,0
DA:43,0
DA:45,0
DA:46,0
DA:47,0
DA:48,0
DA:49,0
DA:51,0
DA:54,0
DA:55,0
DA:56,0
DA:57,0
DA:58,0
DA:59,0
DA:60,0
DA:62,0
DA:65,0
DA:69,0
DA:71,0
DA:75,0
DA:76,0
DA:78,0
DA:79,0
DA:81,0
DA:82,0
DA:83,0
DA:85,0
DA:87,0
DA:88,0
DA:91,0
DA:93,0
DA:98,0
DA:99,0
DA:109,0
DA:110,0
DA:112,0
DA:120,0
DA:121,0
DA:126,0
DA:127,0
DA:134,0
DA:135,0
DA:138,0
DA:146,0
DA:147,0
DA:154,0
DA:155,0
DA:156,0
DA:157,0
DA:158,0
DA:159,0
DA:160,0
DA:165,0
DA:166,0
DA:167,0
DA:168,0
DA:169,0
DA:176,0
DA:177,0
DA:178,0
DA:182,0
DA:183,0
DA:187,0
DA:188,0
DA:196,0
DA:197,0
DA:198,0
DA:220,0
DA:226,0
DA:228,0
DA:230,0
DA:232,0
DA:233,0
DA:243,0
DA:244,0
DA:246,0
DA:248,0
LF:92
LH:1
end_of_record
SF:lib/screens/analytics_screen.dart
DA:12,0
DA:18,0
DA:20,0
DA:21,0
DA:27,0
DA:28,0
DA:32,0
DA:33,0
DA:36,0
DA:37,0
DA:43,0
DA:44,0
DA:45,0
DA:48,0
DA:49,0
DA:56,0
DA:57,0
DA:61,0
DA:64,0
DA:66,0
DA:68,0
DA:69,0
DA:74,0
DA:75,0
DA:77,0
DA:80,0
DA:81,0
DA:82,0
DA:86,0
DA:89,0
DA:90,0
DA:91,0
DA:92,0
DA:95,0
DA:97,0
DA:98,0
DA:99,0
DA:102,0
DA:103,0
DA:104,0
DA:107,0
DA:113,0
DA:114,0
DA:115,0
DA:118,0
DA:119,0
DA:120,0
DA:123,0
DA:124,0
DA:125,0
DA:126,0
DA:127,0
DA:128,0
DA:132,0
DA:138,0
DA:139,0
DA:140,0
DA:141,0
DA:145,0
DA:146,0
DA:147,0
DA:148,0
DA:152,0
DA:153,0
DA:154,0
DA:155,0
DA:156,0
DA:159,0
DA:160,0
DA:161,0
DA:162,0
DA:172,0
DA:173,0
DA:174,0
DA:175,0
DA:176,0
DA:177,0
DA:179,0
DA:183,0
DA:184,0
DA:185,0
DA:186,0
DA:188,0
DA:190,0
DA:191,0
DA:192,0
DA:195,0
DA:196,0
DA:197,0
DA:202,0
DA:203,0
DA:205,0
DA:208,0
DA:211,0
DA:217,0
DA:219,0
DA:220,0
DA:223,0
DA:226,0
DA:227,0
DA:228,0
DA:230,0
DA:232,0
DA:233,0
DA:234,0
DA:237,0
DA:238,0
DA:239,0
DA:243,0
DA:246,0
DA:248,0
DA:249,0
DA:252,0
DA:255,0
DA:256,0
DA:261,0
DA:262,0
DA:263,0
DA:266,0
DA:267,0
DA:268,0
DA:272,0
DA:273,0
DA:274,0
DA:278,0
DA:281,0
DA:283,0
DA:284,0
DA:285,0
DA:286,0
DA:287,0
DA:288,0
DA:295,0
DA:297,0
DA:298,0
DA:299,0
DA:300,0
DA:301,0
DA:302,0
DA:309,0
DA:310,0
DA:311,0
DA:314,0
DA:315,0
DA:318,0
DA:320,0
DA:322,0
DA:323,0
DA:324,0
DA:327,0
DA:330,0
DA:332,0
DA:350,0
DA:351,0
DA:352,0
DA:354,0
DA:361,0
DA:363,0
DA:365,0
DA:372,0
DA:383,0
DA:384,0
DA:385,0
DA:387,0
DA:388,0
DA:391,0
DA:393,0
DA:394,0
DA:399,0
DA:405,0
DA:409,0
DA:410,0
DA:415,0
DA:417,0
DA:419,0
DA:420,0
DA:421,0
DA:422,0
DA:429,0
DA:430,0
DA:431,0
DA:432,0
DA:433,0
DA:435,0
DA:436,0
DA:442,0
DA:444,0
DA:455,0
DA:463,0
DA:465,0
DA:467,0
DA:469,0
DA:471,0
DA:472,0
DA:474,0
DA:475,0
DA:484,0
DA:488,0
DA:489,0
DA:496,0
DA:497,0
DA:498,0
DA:509,0
DA:522,0
DA:523,0
DA:525,0
DA:527,0
DA:529,0
DA:531,0
DA:541,0
DA:542,0
DA:544,0
DA:545,0
DA:547,0
DA:549,0
DA:554,0
DA:560,0
DA:561,0
DA:562,0
DA:563,0
DA:565,0
DA:567,0
DA:569,0
DA:571,0
DA:581,0
DA:582,0
DA:583,0
DA:585,0
DA:587,0
DA:588,0
DA:589,0
DA:591,0
DA:592,0
DA:593,0
DA:594,0
DA:596,0
DA:597,0
DA:599,0
DA:600,0
DA:601,0
DA:603,0
DA:604,0
DA:605,0
DA:609,0
DA:610,0
DA:615,0
DA:616,0
DA:617,0
DA:627,0
DA:628,0
DA:639,0
DA:643,0
DA:644,0
DA:645,0
DA:647,0
DA:649,0
DA:650,0
DA:651,0
DA:654,0
DA:656,0
DA:658,0
DA:664,0
DA:665,0
DA:667,0
DA:669,0
DA:670,0
DA:672,0
DA:674,0
DA:676,0
DA:677,0
DA:678,0
DA:679,0
DA:690,0
DA:691,0
DA:702,0
DA:706,0
DA:707,0
DA:708,0
DA:709,0
DA:717,0
DA:718,0
DA:720,0
DA:722,0
DA:724,0
DA:725,0
DA:726,0
DA:728,0
DA:729,0
DA:730,0
DA:732,0
DA:735,0
DA:736,0
DA:738,0
DA:739,0
DA:748,0
DA:763,0
DA:764,0
DA:767,0
DA:769,0
DA:771,0
DA:774,0
DA:775,0
DA:786,0
DA:788,0
DA:789,0
DA:800,0
DA:816,0
DA:817,0
DA:818,0
DA:819,0
DA:821,0
DA:823,0
DA:826,0
DA:827,0
DA:829,0
DA:831,0
DA:832,0
DA:842,0
DA:852,0
DA:853,0
DA:854,0
DA:856,0
DA:860,0
DA:861,0
DA:862,0
DA:866,0
DA:867,0
DA:870,0
DA:873,0
DA:874,0
DA:876,0
DA:878,0
DA:879,0
DA:889,0
DA:899,0
DA:900,0
DA:902,0
DA:906,0
DA:908,0
DA:909,0
DA:911,0
DA:912,0
DA:913,0
DA:914,0
DA:920,0
DA:924,0
DA:925,0
DA:928,0
DA:931,0
DA:932,0
DA:934,0
DA:936,0
DA:937,0
DA:947,0
DA:957,0
DA:959,0
DA:963,0
DA:965,0
DA:966,0
DA:968,0
DA:969,0
DA:970,0
DA:976,0
DA:980,0
DA:981,0
DA:984,0
DA:989,0
DA:990,0
DA:991,0
DA:992,0
DA:993,0
DA:994,0
DA:996,0
DA:1000,0
DA:1001,0
DA:1002,0
DA:1010,0
DA:1011,0
DA:1014,0
DA:1018,0
DA:1019,0
DA:1022,0
DA:1024,0
DA:1026,0
DA:1029,0
DA:1030,0
DA:1041,0
DA:1043,0
DA:1044,0
DA:1055,0
DA:1071,0
DA:1072,0
DA:1074,0
DA:1076,0
DA:1078,0
DA:1079,0
DA:1080,0
DA:1082,0
DA:1083,0
DA:1084,0
LF:400
LH:0
end_of_record
SF:lib/screens/daily_tasks_screen.dart
DA:16,2
DA:18,0
DA:19,0
DA:32,0
DA:34,0
DA:35,0
DA:36,0
DA:39,0
DA:40,0
DA:41,0
DA:45,0
DA:46,0
DA:47,0
DA:48,0
DA:49,0
DA:50,0
DA:54,0
DA:55,0
DA:56,0
DA:59,0
DA:60,0
DA:62,0
DA:65,0
DA:68,0
DA:69,0
DA:70,0
DA:71,0
DA:76,0
DA:83,0
DA:85,0
DA:86,0
DA:87,0
DA:88,0
DA:92,0
DA:93,0
DA:94,0
DA:95,0
DA:104,0
DA:107,0
DA:108,0
DA:109,0
DA:112,0
DA:113,0
DA:114,0
DA:117,0
DA:118,0
DA:119,0
DA:122,0
DA:123,0
DA:124,0
DA:127,0
DA:129,0
DA:130,0
DA:131,0
DA:132,0
DA:133,0
DA:134,0
DA:136,0
DA:137,0
DA:138,0
DA:139,0
DA:141,0
DA:144,0
DA:145,0
DA:147,0
DA:148,0
DA:150,0
DA:152,0
DA:153,0
DA:155,0
DA:156,0
DA:157,0
DA:158,0
DA:159,0
DA:162,0
DA:165,0
DA:167,0
DA:168,0
DA:169,0
DA:171,0
DA:180,0
DA:181,0
DA:191,0
DA:192,0
DA:194,0
DA:204,0
DA:206,0
DA:208,0
DA:209,0
DA:210,0
DA:211,0
DA:241,0
DA:242,0
DA:243,0
DA:244,0
DA:245,0
DA:250,0
DA:255,0
DA:259,0
DA:261,0
DA:264,0
DA:265,0
DA:268,0
DA:269,0
DA:276,0
DA:277,0
DA:278,0
DA:281,0
DA:282,0
DA:289,0
DA:290,0
DA:295,0
DA:298,0
DA:299,0
DA:300,0
DA:302,0
DA:304,0
DA:307,0
DA:308,0
DA:309,0
DA:311,0
DA:312,0
DA:313,0
DA:314,0
DA:315,0
DA:316,0
DA:317,0
DA:328,0
DA:329,0
DA:339,0
DA:340,0
DA:342,0
DA:344,0
DA:346,0
DA:348,0
DA:349,0
DA:351,0
DA:355,0
DA:356,0
DA:357,0
DA:358,0
DA:371,0
DA:372,0
DA:374,0
DA:376,0
DA:377,0
DA:379,0
DA:388,0
DA:389,0
DA:399,0
DA:400,0
DA:401,0
DA:402,0
DA:409,0
DA:410,0
DA:422,0
DA:423,0
DA:432,0
DA:434,0
DA:435,0
DA:452,0
DA:453,0
DA:455,0
DA:457,0
DA:462,0
DA:464,0
DA:466,0
DA:467,0
DA:468,0
DA:469,0
DA:471,0
DA:472,0
DA:473,0
DA:474,0
DA:483,0
DA:485,0
DA:486,0
DA:490,0
DA:491,0
DA:505,0
DA:506,0
DA:508,0
DA:513,0
DA:517,0
DA:518,0
DA:540,0
DA:541,0
DA:542,0
DA:543,0
DA:544,0
DA:545,0
DA:549,0
DA:550,0
DA:551,0
DA:552,0
DA:562,0
DA:563,0
DA:568,0
DA:570,0
DA:572,0
DA:573,0
DA:574,0
DA:575,0
DA:582,0
DA:583,0
DA:584,0
DA:585,0
DA:586,0
DA:588,0
DA:589,0
DA:595,0
DA:597,0
LF:212
LH:1
end_of_record
SF:lib/services/sound_service.dart
DA:6,0
DA:7,0
DA:8,0
DA:13,0
DA:16,0
DA:17,0
DA:22,0
DA:23,0
DA:24,0
DA:27,0
DA:31,0
DA:33,0
DA:34,0
DA:36,0
DA:40,0
DA:43,0
DA:45,0
DA:46,0
DA:48,0
DA:52,0
DA:53,0
LF:21
LH:0
end_of_record
SF:lib/services/quote_service.dart
DA:4,0
DA:108,0
DA:109,0
LF:3
LH:0
end_of_record
SF:lib/widgets/animated_checkbox.dart
DA:9,0
DA:15,0
DA:17,0
DA:18,0
DA:26,0
DA:28,0
DA:29,0
DA:34,0
DA:35,0
DA:36,0
DA:41,0
DA:42,0
DA:46,0
DA:48,0
DA:49,0
DA:50,0
DA:51,0
DA:53,0
DA:58,0
DA:60,0
DA:61,0
DA:64,0
DA:66,0
DA:67,0
DA:68,0
DA:69,0
DA:70,0
DA:71,0
DA:72,0
DA:73,0
DA:74,0
DA:75,0
DA:78,0
DA:79,0
DA:80,0
DA:86,0
DA:87,0
DA:88,0
DA:89,0
DA:105,0
DA:107,0
DA:109,0
DA:110,0
DA:111,0
DA:112,0
DA:113,0
DA:115,0
DA:116,0
DA:117,0
DA:118,0
DA:120,0
DA:121,0
DA:122,0
DA:123,0
DA:124,0
DA:125,0
DA:128,0
DA:129,0
DA:130,0
DA:131,0
DA:132,0
DA:133,0
DA:137,0
DA:140,0
DA:142,0
LF:65
LH:0
end_of_record
SF:lib/widgets/tada_animation.dart
DA:8,0
DA:12,0
DA:14,0
DA:15,0
DA:24,0
DA:26,0
DA:27,0
DA:32,0
DA:33,0
DA:34,0
DA:37,0
DA:38,0
DA:41,0
DA:42,0
DA:45,0
DA:46,0
DA:49,0
DA:50,0
DA:53,0
DA:54,0
DA:58,0
DA:59,0
DA:60,0
DA:63,0
DA:64,0
DA:67,0
DA:68,0
DA:71,0
DA:72,0
DA:75,0
DA:76,0
DA:79,0
DA:80,0
DA:85,0
DA:87,0
DA:88,0
DA:89,0
DA:93,0
DA:95,0
DA:96,0
DA:99,0
DA:101,0
DA:102,0
DA:103,0
DA:104,0
DA:105,0
DA:106,0
DA:107,0
DA:108,0
DA:119,0
DA:122,0
DA:124,0
DA:125,0
DA:133,0
DA:135,0
DA:136,0
DA:142,0
DA:143,0
DA:144,0
DA:145,0
DA:146,0
DA:147,0
DA:148,0
DA:149,0
DA:154,0
DA:157,0
DA:158,0
DA:166,0
DA:169,0
DA:171,0
DA:172,0
DA:175,0
DA:177,0
DA:178,0
DA:179,0
DA:180,0
DA:181,0
DA:182,0
DA:183,0
DA:184,0
DA:198,0
DA:211,0
DA:217,0
DA:219,0
DA:221,0
DA:222,0
DA:223,0
DA:224,0
DA:226,0
DA:227,0
DA:229,0
DA:230,0
DA:231,0
DA:237,0
LF:94
LH:0
end_of_record
SF:lib/utils/page_transitions.dart
DA:7,0
DA:10,0
DA:11,0
DA:14,0
DA:17,0
DA:20,0
DA:23,0
DA:26,0
DA:32,0
DA:33,0
DA:38,0
DA:41,0
DA:42,0
DA:48,0
DA:50,0
DA:62,0
DA:63,0
DA:64,0
DA:67,0
DA:68,0
DA:79,0
DA:80,0
DA:81,0
DA:84,0
DA:85,0
DA:90,0
DA:91,0
DA:92,0
LF:28
LH:0
end_of_record
SF:lib/screens/settings_screen.dart
DA:9,1
DA:13,1
DA:15,1
DA:16,1
DA:25,1
DA:27,1
DA:28,1
DA:29,1
DA:32,1
DA:33,2
DA:34,0
DA:35,0
DA:36,0
DA:41,1
DA:42,2
DA:43,0
DA:45,0
DA:46,0
DA:47,0
DA:48,0
DA:53,1
DA:54,2
DA:56,1
DA:57,1
DA:58,2
DA:64,1
DA:67,1
DA:79,1
DA:80,1
DA:81,2
DA:87,1
DA:88,0
DA:89,0
DA:90,0
DA:91,0
DA:92,0
DA:93,0
DA:95,0
DA:96,0
DA:110,1
DA:112,1
DA:114,1
DA:115,1
DA:117,2
DA:121,1
DA:123,1
DA:125,1
DA:136,1
DA:148,1
DA:150,1
DA:164,1
DA:168,1
DA:169,1
DA:174,1
DA:176,1
DA:178,1
DA:179,1
DA:180,1
DA:181,1
DA:188,1
DA:189,1
DA:190,1
DA:191,4
DA:192,1
DA:194,1
DA:195,1
DA:201,1
DA:203,1
DA:214,1
DA:215,5
DA:217,1
DA:218,1
DA:219,1
DA:221,1
DA:223,1
DA:225,1
DA:226,1
DA:227,1
DA:230,1
DA:240,1
DA:241,1
DA:243,1
DA:244,1
DA:245,1
DA:270,1
DA:271,1
DA:273,1
DA:275,1
DA:277,1
DA:278,1
DA:279,1
DA:283,1
DA:284,0
DA:285,0
DA:286,0
DA:290,1
DA:294,1
DA:295,0
DA:296,0
DA:297,0
DA:301,1
DA:305,0
DA:312,1
DA:319,1
DA:321,1
DA:322,1
DA:323,1
DA:325,1
DA:326,1
DA:327,1
DA:329,1
DA:332,1
DA:333,1
DA:342,1
DA:346,1
DA:355,1
DA:361,1
DA:363,1
DA:365,1
DA:366,1
DA:367,1
DA:369,1
DA:370,1
DA:371,1
DA:373,1
DA:376,1
DA:377,1
DA:393,1
DA:394,1
DA:396,1
DA:398,1
DA:400,1
DA:404,0
DA:405,0
DA:406,0
DA:407,0
DA:408,0
LF:137
LH:109
end_of_record
SF:lib/screens/developer_settings_screen.dart
DA:8,2
DA:10,0
DA:11,0
DA:64,0
DA:65,0
DA:66,0
DA:67,0
DA:77,0
DA:78,0
DA:79,0
DA:85,0
DA:86,0
DA:96,0
DA:98,0
DA:101,0
DA:102,0
DA:104,0
DA:106,0
DA:108,0
DA:114,0
DA:115,0
DA:118,0
DA:119,0
DA:121,0
DA:122,0
DA:126,0
DA:127,0
DA:128,0
DA:132,0
DA:133,0
DA:134,0
DA:139,0
DA:140,0
DA:141,0
DA:147,0
DA:148,0
DA:150,0
DA:151,0
DA:155,0
DA:156,0
DA:157,0
DA:163,0
DA:164,0
DA:166,0
DA:167,0
DA:171,0
DA:172,0
DA:173,0
DA:179,0
DA:180,0
DA:182,0
DA:183,0
DA:186,0
DA:187,0
DA:188,0
DA:191,0
DA:201,0
DA:203,0
DA:205,0
DA:207,0
DA:208,0
DA:209,0
DA:210,0
DA:212,0
DA:214,0
DA:215,0
DA:216,0
DA:217,0
DA:218,0
DA:219,0
DA:224,0
DA:227,0
DA:228,0
DA:229,0
DA:232,0
DA:242,0
DA:243,0
DA:244,0
DA:245,0
DA:248,0
DA:249,0
DA:250,0
DA:259,0
DA:261,0
DA:263,0
DA:264,0
DA:266,0
DA:270,0
DA:272,0
DA:274,0
DA:285,0
DA:286,0
DA:288,0
DA:290,0
DA:291,0
DA:292,0
DA:293,0
DA:295,0
DA:296,0
DA:297,0
DA:320,0
DA:335,0
DA:351,0
DA:352,0
DA:354,0
DA:355,0
DA:356,0
DA:360,0
DA:361,0
DA:363,0
DA:364,0
DA:365,0
DA:392,0
LF:113
LH:1
end_of_record
