SF:lib/database/database_helper.dart
DA:9,42
DA:12,14
DA:14,9
DA:16,9
DA:20,5
DA:25,9
DA:26,9
DA:27,18
DA:29,9
DA:32,9
DA:33,9
DA:34,8
DA:36,8
DA:41,2
DA:43,2
DA:59,2
DA:72,2
DA:81,2
DA:85,2
DA:89,2
DA:93,2
DA:97,2
DA:102,4
DA:105,4
DA:108,4
DA:111,4
DA:114,4
DA:117,4
DA:120,4
DA:123,4
DA:127,4
DA:130,4
DA:134,1
DA:135,1
DA:137,1
DA:139,1
DA:141,1
DA:144,1
DA:146,1
DA:150,1
DA:151,1
DA:152,1
DA:153,0
DA:156,0
DA:159,0
DA:168,0
DA:169,0
DA:170,0
DA:171,0
DA:172,0
DA:173,0
DA:174,0
DA:180,0
DA:181,0
DA:182,0
DA:184,0
DA:192,0
DA:195,0
DA:196,0
DA:198,0
DA:200,0
DA:202,0
DA:207,1
DA:210,1
DA:212,1
DA:213,2
DA:216,2
DA:221,1
DA:223,1
DA:231,1
DA:246,1
DA:252,1
DA:253,1
DA:256,1
DA:257,1
DA:260,1
DA:264,1
DA:265,1
DA:266,1
DA:269,2
DA:270,2
DA:271,2
DA:272,2
DA:274,2
DA:276,2
DA:278,4
DA:281,2
DA:286,1
DA:287,1
DA:288,2
LF:90
LH:70
end_of_record
SF:lib/services/feedback_service.dart
DA:7,1
DA:8,0
DA:12,1
DA:17,2
DA:20,2
DA:21,2
DA:25,2
DA:26,2
DA:31,1
DA:32,1
DA:33,1
DA:34,1
DA:36,2
DA:39,4
DA:40,4
DA:43,3
DA:45,2
DA:48,3
DA:49,3
LF:19
LH:18
end_of_record
SF:lib/models/hobby.dart
DA:13,6
DA:24,3
DA:26,6
DA:28,6
DA:29,24
DA:32,6
DA:33,20
DA:36,8
DA:37,12
DA:38,6
DA:39,20
DA:40,2
DA:48,2
DA:55,2
DA:56,4
DA:59,4
DA:60,8
DA:61,6
DA:62,2
DA:63,2
DA:65,2
DA:70,6
DA:71,6
DA:72,4
DA:74,2
DA:75,4
DA:76,4
DA:77,4
DA:80,2
DA:81,4
DA:82,4
DA:83,4
DA:86,4
DA:88,2
DA:90,2
DA:91,2
DA:103,6
DA:104,48
DA:107,2
DA:108,1
DA:109,1
DA:110,1
DA:111,1
DA:112,1
DA:113,5
DA:114,2
DA:115,1
DA:116,1
DA:119,2
DA:120,1
DA:121,1
DA:122,1
DA:123,1
DA:124,1
DA:125,2
DA:126,3
DA:128,1
DA:129,1
DA:130,2
DA:132,1
DA:133,1
DA:136,2
DA:147,2
DA:148,2
DA:149,2
DA:150,2
DA:151,2
DA:152,2
DA:153,2
DA:154,2
DA:155,2
DA:156,2
DA:157,2
DA:165,4
DA:170,2
DA:171,1
DA:172,2
DA:175,1
DA:176,1
DA:177,1
DA:178,1
DA:179,2
LF:82
LH:82
end_of_record
SF:lib/screens/add_hobby_screen.dart
DA:11,97
DA:13,1
DA:14,1
DA:50,1
DA:52,1
DA:53,2
DA:54,0
DA:55,0
DA:56,0
DA:57,0
DA:60,0
DA:61,0
DA:62,0
DA:63,0
DA:64,0
DA:69,0
DA:70,0
DA:71,0
DA:72,0
DA:73,0
DA:74,0
DA:75,0
DA:77,0
DA:83,1
DA:85,2
DA:86,2
DA:87,1
DA:90,1
DA:91,3
DA:93,0
DA:94,0
DA:95,0
DA:99,0
DA:100,0
DA:101,0
DA:102,0
DA:105,0
DA:107,0
DA:108,0
DA:109,0
DA:110,0
DA:111,0
DA:115,0
DA:118,0
DA:119,0
DA:120,0
DA:121,0
DA:122,0
DA:123,0
DA:127,0
DA:130,0
DA:134,0
DA:135,0
DA:136,0
DA:137,0
DA:138,0
DA:139,0
DA:140,0
DA:147,0
DA:149,0
DA:150,0
DA:152,0
DA:153,0
DA:162,0
DA:163,0
DA:164,0
DA:169,0
DA:170,0
DA:171,0
DA:172,0
DA:173,0
DA:176,0
DA:177,0
DA:180,0
DA:181,0
DA:183,0
DA:185,0
DA:192,0
DA:193,0
DA:194,0
DA:195,0
DA:199,0
DA:200,0
DA:201,0
DA:202,0
DA:206,1
DA:208,1
DA:212,1
DA:213,1
DA:215,1
DA:216,1
DA:218,1
DA:224,1
DA:226,1
DA:234,1
DA:235,1
DA:237,1
DA:238,1
DA:239,1
DA:242,1
DA:245,1
DA:246,1
DA:249,1
DA:251,1
DA:269,1
DA:271,1
DA:272,1
DA:273,1
DA:276,1
DA:277,1
DA:285,1
DA:286,1
DA:292,1
DA:293,1
DA:300,1
DA:302,0
DA:305,0
DA:307,0
DA:308,0
DA:311,0
DA:316,0
DA:317,0
DA:322,0
DA:323,0
DA:324,0
DA:325,0
DA:326,0
DA:331,0
DA:332,0
DA:333,0
DA:334,0
DA:339,0
DA:340,0
DA:359,1
DA:361,1
DA:363,1
DA:365,1
DA:367,1
DA:369,1
DA:388,1
DA:390,1
DA:392,1
DA:393,1
DA:395,1
DA:396,1
DA:397,1
DA:398,1
DA:400,1
DA:407,2
DA:409,0
DA:412,0
DA:414,0
DA:415,0
DA:416,0
DA:417,0
DA:418,0
DA:421,0
DA:424,0
DA:429,0
DA:433,0
DA:436,0
DA:437,0
DA:438,0
DA:439,0
DA:452,3
DA:454,1
DA:456,1
DA:458,1
DA:459,1
DA:478,0
DA:480,0
DA:483,0
DA:484,0
DA:485,0
DA:490,0
DA:491,0
DA:501,0
DA:502,0
DA:507,0
DA:511,0
DA:517,0
DA:518,0
DA:522,0
DA:523,0
DA:524,0
DA:525,0
DA:556,1
DA:557,1
DA:559,1
DA:561,1
DA:564,1
DA:565,1
DA:566,1
DA:567,1
DA:570,1
DA:572,1
DA:592,1
DA:593,1
DA:594,0
DA:599,0
DA:600,0
DA:605,0
DA:606,0
DA:610,0
DA:611,0
DA:612,0
DA:627,0
DA:628,0
DA:634,1
DA:638,1
DA:641,0
DA:642,0
DA:643,0
DA:644,0
DA:646,0
DA:648,0
DA:650,0
DA:651,0
DA:653,0
DA:655,0
DA:656,0
DA:663,0
DA:664,0
DA:667,0
DA:679,0
DA:680,0
DA:681,0
DA:707,1
DA:709,1
DA:723,1
DA:726,3
DA:727,1
DA:728,1
DA:734,1
DA:735,1
DA:736,1
DA:741,1
DA:742,1
DA:746,1
DA:748,1
DA:749,2
DA:760,1
DA:762,2
DA:763,1
DA:791,1
DA:792,2
DA:793,1
DA:794,1
DA:795,0
DA:796,0
DA:797,0
DA:800,1
DA:802,1
DA:804,1
DA:806,1
DA:809,1
DA:820,1
DA:821,2
DA:822,1
DA:823,0
DA:824,0
DA:825,0
DA:828,1
DA:831,1
DA:833,1
DA:834,1
DA:839,1
DA:840,1
DA:841,2
DA:846,1
LF:270
LH:114
end_of_record
SF:lib/services/hobby_service.dart
DA:13,25
DA:14,18
DA:16,1
DA:19,8
DA:20,8
DA:21,8
DA:22,8
DA:23,8
DA:24,8
DA:25,8
DA:27,0
DA:35,0
DA:36,0
DA:37,0
DA:38,0
DA:39,0
DA:40,0
DA:49,1
DA:50,3
DA:52,2
DA:55,1
DA:61,1
DA:62,2
DA:63,1
DA:66,2
DA:70,1
DA:71,2
DA:72,3
DA:73,2
DA:74,1
DA:75,2
DA:80,1
DA:81,1
DA:82,1
DA:83,1
DA:84,1
DA:85,1
DA:87,1
DA:88,2
DA:90,1
DA:91,1
DA:92,1
DA:96,1
DA:99,1
DA:100,1
DA:102,1
DA:103,3
DA:106,2
DA:107,1
DA:109,1
DA:111,2
DA:114,2
DA:115,1
DA:116,3
DA:118,1
DA:124,0
DA:131,1
DA:132,2
DA:133,2
DA:136,1
DA:138,1
DA:139,1
DA:140,1
DA:141,1
DA:142,1
DA:143,1
DA:144,1
DA:145,1
DA:146,1
DA:154,3
DA:155,1
DA:157,1
DA:158,1
DA:159,1
DA:160,2
DA:161,3
DA:168,2
DA:169,1
DA:170,1
DA:171,1
DA:175,1
DA:176,2
DA:177,2
DA:181,1
DA:182,0
DA:183,0
DA:184,0
DA:186,0
DA:187,0
DA:192,1
DA:193,2
DA:196,1
DA:198,1
DA:199,1
DA:200,1
DA:201,1
DA:202,1
DA:203,1
DA:204,1
DA:205,1
DA:206,2
DA:209,2
DA:213,1
DA:216,2
DA:220,3
DA:221,1
DA:223,1
DA:224,1
DA:225,1
DA:226,2
DA:227,3
DA:234,2
DA:235,1
DA:236,1
DA:240,3
DA:241,1
DA:242,0
DA:243,0
DA:244,0
DA:246,0
DA:247,0
DA:252,1
DA:253,2
DA:256,2
DA:259,2
DA:262,1
DA:265,1
DA:269,1
DA:270,2
DA:273,1
DA:274,2
DA:277,1
DA:280,1
DA:285,1
DA:287,2
DA:291,2
DA:296,3
DA:297,1
DA:299,1
DA:302,0
DA:305,1
DA:310,1
DA:311,4
DA:313,3
DA:314,3
DA:315,3
DA:318,1
DA:319,2
DA:323,2
DA:325,1
DA:327,2
DA:330,1
DA:332,1
DA:334,2
DA:337,1
DA:340,1
DA:343,2
DA:346,1
DA:350,2
DA:351,0
DA:353,0
DA:359,1
DA:361,8
DA:363,1
DA:364,2
DA:368,2
DA:369,2
DA:373,1
DA:377,2
DA:378,4
DA:379,2
DA:382,2
DA:385,1
DA:386,2
DA:389,2
DA:390,4
DA:391,1
DA:393,1
DA:396,2
DA:402,2
DA:409,1
DA:412,2
DA:413,1
DA:418,1
DA:419,2
DA:422,1
DA:423,1
DA:424,1
LF:188
LH:167
end_of_record
SF:lib/services/notification_service.dart
DA:13,30
DA:14,20
DA:16,1
DA:19,10
DA:20,10
DA:23,1
DA:24,1
DA:31,1
DA:32,1
DA:35,1
DA:36,1
DA:37,1
DA:38,1
DA:39,1
DA:40,1
DA:41,1
DA:42,1
DA:43,1
DA:44,1
DA:45,1
DA:46,1
DA:47,1
DA:69,1
DA:73,1
DA:74,1
DA:77,1
DA:81,1
DA:82,1
DA:83,1
DA:85,1
DA:86,1
DA:88,2
DA:90,2
DA:91,5
DA:92,2
DA:93,2
DA:95,0
DA:96,0
DA:97,0
DA:118,2
DA:120,1
DA:132,1
DA:133,1
DA:135,1
DA:137,1
DA:141,1
DA:143,2
DA:147,1
DA:155,1
DA:158,2
DA:164,1
DA:169,1
DA:170,2
DA:172,0
DA:180,0
DA:184,0
DA:196,1
DA:198,2
DA:204,1
DA:207,0
DA:216,1
DA:218,3
DA:221,1
DA:223,1
DA:224,2
DA:228,1
DA:230,1
DA:231,1
DA:235,3
DA:236,0
DA:240,2
DA:241,2
DA:243,2
DA:244,2
DA:249,1
DA:251,1
DA:257,2
DA:260,1
DA:261,1
DA:262,1
DA:264,1
DA:265,1
DA:267,1
DA:268,1
DA:271,0
DA:276,0
DA:283,1
DA:288,2
DA:289,1
DA:290,1
DA:291,1
DA:292,1
DA:293,1
DA:299,1
DA:300,1
DA:303,1
DA:307,1
DA:312,2
DA:315,1
DA:318,1
DA:321,1
DA:322,1
DA:323,1
DA:324,1
DA:325,1
DA:331,3
DA:332,1
DA:337,2
DA:339,1
DA:340,2
DA:342,1
DA:347,1
DA:352,2
DA:355,1
DA:358,1
DA:359,1
DA:360,1
DA:361,1
DA:368,3
DA:370,0
DA:372,0
DA:374,0
DA:375,0
DA:379,1
DA:380,1
DA:382,1
DA:387,1
DA:393,1
DA:396,1
DA:405,1
DA:406,2
DA:416,1
DA:423,2
DA:424,2
DA:425,1
DA:426,2
DA:435,1
DA:436,3
DA:437,4
DA:438,4
DA:440,0
DA:446,2
DA:447,6
DA:451,1
DA:452,2
DA:456,0
DA:457,0
DA:461,1
DA:462,1
DA:463,1
DA:488,2
DA:497,1
DA:499,1
DA:500,1
DA:503,1
DA:506,1
DA:507,0
DA:512,2
DA:513,1
DA:514,2
DA:517,0
DA:523,1
DA:526,1
DA:527,2
DA:528,1
DA:530,0
DA:536,1
DA:547,1
DA:551,0
DA:553,0
DA:557,0
LF:171
LH:148
end_of_record
SF:lib/utils/default_hobbies.dart
DA:5,25
DA:78,1
DA:79,1
DA:83,1
DA:84,2
DA:85,3
DA:86,1
LF:7
LH:7
end_of_record
SF:lib/screens/analytics_screen.dart
DA:17,2
DA:25,2
DA:26,2
DA:34,2
DA:36,2
DA:37,4
DA:38,2
DA:41,2
DA:42,2
DA:43,2
DA:44,4
DA:45,2
DA:46,2
DA:51,2
DA:53,2
DA:55,8
DA:56,4
DA:60,2
DA:61,6
DA:64,1
DA:66,2
DA:67,2
DA:68,2
DA:71,3
DA:72,3
DA:79,0
DA:80,1
DA:87,2
DA:88,6
DA:94,1
DA:97,2
DA:100,1
DA:101,2
DA:102,2
DA:105,3
DA:106,3
DA:113,0
DA:114,0
DA:123,1
DA:124,1
DA:128,2
DA:130,5
DA:131,7
DA:136,0
DA:138,0
DA:139,0
DA:140,0
DA:141,0
DA:142,0
DA:143,0
DA:150,0
DA:152,0
DA:153,0
DA:154,0
DA:155,0
DA:156,0
DA:157,0
DA:164,0
DA:166,0
DA:167,0
DA:168,0
DA:169,0
DA:170,0
DA:171,0
DA:178,0
DA:180,0
DA:181,0
DA:182,0
DA:183,0
DA:184,0
DA:185,0
DA:192,0
DA:194,0
DA:195,0
DA:196,0
DA:197,0
DA:198,0
DA:199,0
DA:206,0
DA:208,0
DA:209,0
DA:210,0
DA:211,0
DA:212,0
DA:213,0
DA:220,0
DA:224,0
DA:225,0
DA:226,0
DA:227,0
DA:229,0
DA:230,0
DA:231,0
DA:233,0
DA:234,0
DA:235,0
DA:238,0
DA:239,0
DA:242,0
DA:243,0
DA:245,0
DA:248,0
DA:249,0
DA:250,0
DA:252,0
DA:253,0
DA:258,2
DA:259,2
DA:260,2
DA:262,2
DA:263,2
DA:265,4
DA:266,4
DA:267,4
DA:269,5
DA:270,3
DA:271,0
DA:274,4
DA:278,0
DA:280,0
DA:281,0
DA:282,0
DA:284,0
DA:285,0
DA:286,0
DA:289,0
DA:293,0
DA:295,0
DA:297,0
DA:301,0
DA:302,0
DA:303,0
DA:304,0
DA:305,0
DA:306,0
DA:310,0
DA:316,0
DA:317,0
DA:318,0
DA:320,0
DA:321,0
DA:322,0
DA:325,0
DA:332,0
DA:333,0
DA:334,0
DA:336,0
DA:338,0
DA:345,2
DA:346,2
DA:347,2
DA:348,2
DA:350,4
DA:351,6
DA:352,6
DA:354,0
DA:356,0
DA:357,0
DA:359,0
DA:361,0
DA:362,0
DA:363,0
DA:368,0
DA:369,0
DA:370,0
DA:372,0
DA:373,0
DA:375,0
DA:376,0
DA:377,0
DA:378,0
DA:381,0
DA:382,0
DA:383,0
DA:387,0
DA:390,0
DA:395,0
DA:397,0
DA:398,0
DA:399,0
DA:402,0
DA:403,0
DA:404,0
DA:408,0
DA:411,0
DA:416,0
DA:418,0
DA:420,0
DA:422,0
DA:423,0
DA:424,0
DA:426,0
DA:427,0
DA:428,0
DA:433,0
DA:436,0
DA:443,0
DA:444,0
DA:445,0
DA:446,0
DA:449,0
DA:450,0
DA:451,0
DA:455,0
DA:458,0
DA:466,0
DA:467,0
DA:468,0
DA:469,0
DA:471,0
DA:472,0
DA:473,0
DA:474,0
DA:476,0
DA:480,0
DA:481,0
DA:484,2
DA:486,2
DA:488,2
DA:489,2
DA:491,2
DA:492,2
DA:493,2
DA:494,2
DA:495,0
DA:496,0
DA:499,0
DA:501,0
DA:503,0
DA:505,0
DA:507,0
DA:509,0
DA:511,0
DA:517,2
DA:519,2
DA:521,2
DA:523,2
DA:525,2
DA:527,2
DA:529,2
DA:538,2
DA:542,2
DA:543,2
DA:559,2
DA:560,2
DA:562,2
DA:563,2
DA:565,6
DA:566,2
DA:567,2
DA:569,2
DA:570,2
DA:571,2
DA:572,2
DA:575,2
DA:577,2
DA:578,2
DA:579,2
DA:580,2
DA:581,2
DA:587,2
DA:590,2
DA:617,2
DA:618,2
DA:620,2
DA:624,2
DA:625,2
DA:626,4
DA:627,2
DA:636,2
DA:638,2
DA:663,2
DA:664,2
DA:667,2
DA:669,2
DA:670,2
DA:671,2
DA:672,2
DA:673,2
DA:679,2
DA:682,2
DA:709,2
DA:710,2
DA:712,2
DA:716,2
DA:717,2
DA:718,4
DA:719,2
DA:728,2
DA:730,2
DA:755,2
DA:756,2
DA:759,2
DA:761,2
DA:762,2
DA:763,2
DA:764,2
DA:765,2
DA:771,2
DA:774,2
DA:801,2
DA:802,2
DA:804,2
DA:808,2
DA:809,2
DA:810,4
DA:811,2
DA:820,2
DA:822,2
DA:832,2
DA:833,6
DA:853,2
DA:854,6
DA:856,3
DA:859,3
DA:860,3
DA:861,0
DA:865,3
DA:866,5
DA:870,0
DA:871,0
DA:873,0
DA:875,0
DA:877,0
DA:879,0
DA:880,0
DA:881,0
DA:882,0
DA:883,0
DA:890,0
DA:891,0
DA:892,0
DA:893,0
DA:895,0
DA:897,0
DA:902,0
DA:904,0
DA:906,0
DA:908,0
DA:910,0
DA:913,0
DA:925,2
DA:927,2
DA:928,0
DA:929,0
DA:931,2
DA:933,2
DA:935,2
DA:937,2
DA:939,2
DA:949,2
DA:950,2
DA:951,2
DA:954,4
DA:960,8
DA:961,4
DA:962,4
DA:965,2
DA:967,6
DA:968,2
DA:972,4
DA:976,2
DA:977,2
DA:980,0
DA:983,0
DA:990,2
DA:992,2
DA:994,2
DA:995,2
DA:998,2
DA:999,2
DA:1009,2
DA:1011,2
DA:1013,2
DA:1015,2
DA:1017,2
DA:1018,2
DA:1019,4
DA:1020,2
DA:1021,4
DA:1022,2
DA:1023,4
DA:1030,2
DA:1032,2
DA:1034,2
DA:1035,2
DA:1037,2
DA:1038,2
DA:1039,2
DA:1041,2
DA:1043,2
DA:1046,2
DA:1049,6
DA:1050,4
DA:1051,2
DA:1053,2
DA:1054,2
DA:1066,2
DA:1067,2
DA:1069,2
DA:1073,6
DA:1074,2
DA:1076,6
DA:1079,2
DA:1089,4
DA:1090,2
DA:1092,2
DA:1093,2
DA:1094,2
DA:1095,4
DA:1097,4
DA:1101,2
DA:1102,2
DA:1103,4
DA:1105,2
DA:1108,2
DA:1109,2
DA:1110,2
DA:1111,2
DA:1114,2
DA:1120,2
DA:1121,2
DA:1122,2
DA:1141,2
DA:1142,2
DA:1145,2
DA:1146,2
DA:1158,2
DA:1159,2
DA:1161,4
DA:1164,0
DA:1166,0
DA:1167,0
DA:1168,0
DA:1169,0
DA:1170,0
DA:1171,0
DA:1172,0
DA:1174,0
DA:1176,0
DA:1177,0
DA:1178,0
DA:1179,0
DA:1180,0
DA:1181,0
DA:1182,0
DA:1186,2
DA:1189,6
DA:1200,2
DA:1204,2
DA:1205,2
DA:1209,2
DA:1212,6
DA:1213,4
DA:1214,4
DA:1221,5
DA:1222,3
DA:1224,0
DA:1225,0
DA:1229,4
DA:1237,2
DA:1239,2
DA:1241,2
DA:1242,2
DA:1244,2
DA:1245,2
DA:1246,4
DA:1264,2
DA:1266,2
DA:1268,2
DA:1269,2
DA:1271,2
DA:1273,2
DA:1275,2
DA:1279,8
DA:1283,2
DA:1285,2
DA:1295,2
DA:1298,2
DA:1300,2
DA:1305,2
DA:1308,2
DA:1310,2
DA:1315,2
DA:1318,2
DA:1320,2
DA:1325,2
DA:1328,2
DA:1330,2
DA:1335,2
DA:1338,2
DA:1340,2
DA:1361,2
DA:1362,2
DA:1363,2
DA:1364,2
DA:1365,2
DA:1366,6
DA:1367,6
DA:1368,6
DA:1372,0
DA:1374,0
DA:1376,0
DA:1378,0
DA:1384,2
DA:1387,2
DA:1389,2
DA:1391,2
DA:1392,2
DA:1400,2
DA:1401,6
DA:1405,1
DA:1407,1
DA:1409,1
DA:1429,5
DA:1431,1
DA:1438,1
DA:1441,1
DA:1442,1
DA:1445,1
DA:1446,2
DA:1447,2
DA:1448,2
DA:1452,1
DA:1453,3
DA:1455,2
DA:1463,1
DA:1465,1
DA:1467,1
DA:1468,1
DA:1470,1
DA:1472,1
DA:1474,1
DA:1475,1
DA:1476,1
DA:1477,1
DA:1479,1
DA:1480,1
DA:1481,1
DA:1489,1
DA:1490,2
DA:1500,1
DA:1502,1
DA:1504,2
DA:1505,0
DA:1508,0
DA:1509,0
DA:1510,0
DA:1512,0
DA:1514,0
DA:1515,0
DA:1516,0
DA:1533,3
DA:1534,2
DA:1535,1
DA:1538,1
DA:1539,1
DA:1540,1
DA:1542,1
DA:1544,1
DA:1551,1
DA:1552,2
DA:1578,1
DA:1582,3
DA:1583,1
DA:1590,1
DA:1591,1
DA:1592,1
DA:1601,0
DA:1607,1
DA:1608,1
DA:1609,3
DA:1610,3
DA:1611,3
DA:1613,1
DA:1616,1
DA:1618,1
DA:1620,1
DA:1621,1
DA:1629,1
DA:1630,1
DA:1632,2
DA:1633,1
DA:1635,1
DA:1636,1
DA:1638,3
DA:1641,1
DA:1642,1
DA:1643,3
DA:1651,1
DA:1652,1
DA:1653,1
DA:1655,1
DA:1657,1
DA:1664,2
DA:1665,2
DA:1667,2
DA:1669,2
DA:1670,2
DA:1675,2
DA:1677,2
DA:1681,2
DA:1683,2
DA:1684,2
DA:1685,2
DA:1686,2
DA:1687,2
DA:1688,2
DA:1696,2
DA:1697,2
DA:1699,0
DA:1700,0
DA:1701,0
DA:1702,0
DA:1707,0
DA:1709,2
DA:1712,2
DA:1719,2
DA:1720,2
DA:1721,2
DA:1736,2
DA:1737,2
DA:1738,2
DA:1739,2
DA:1741,2
DA:1742,0
DA:1743,2
DA:1744,2
DA:1747,2
DA:1749,2
DA:1752,2
LF:631
LH:400
end_of_record
SF:lib/services/analytics_service.dart
DA:12,26
DA:13,20
DA:15,2
DA:18,8
DA:20,0
DA:23,0
DA:34,1
DA:37,1
DA:40,0
DA:41,0
DA:45,1
DA:48,3
DA:50,6
DA:51,3
DA:54,3
DA:56,2
DA:57,3
DA:60,0
DA:66,1
DA:67,1
DA:68,1
DA:72,1
DA:73,1
DA:74,1
DA:85,1
DA:86,1
DA:87,1
DA:89,1
DA:90,2
DA:96,2
DA:97,2
DA:98,1
DA:108,2
DA:113,2
DA:114,1
DA:116,1
DA:120,2
DA:126,2
DA:130,2
DA:131,2
DA:133,4
DA:136,2
DA:138,1
DA:145,2
DA:149,2
DA:150,1
DA:152,1
DA:155,2
DA:165,2
DA:170,2
DA:171,1
DA:173,1
DA:177,2
DA:183,1
DA:187,1
DA:189,1
DA:190,1
DA:192,1
DA:194,1
DA:198,2
DA:204,1
DA:205,1
DA:206,1
DA:216,1
DA:217,1
DA:218,1
DA:220,1
DA:221,2
DA:227,2
DA:231,2
DA:232,1
DA:234,1
DA:237,2
DA:243,1
DA:244,1
DA:245,1
DA:255,1
DA:259,1
DA:260,1
DA:262,1
DA:265,2
DA:275,1
DA:280,1
DA:281,1
DA:283,1
DA:287,2
DA:293,1
DA:297,1
DA:298,1
DA:302,1
DA:303,1
DA:304,1
DA:306,1
DA:308,2
DA:318,2
DA:319,2
DA:320,1
DA:322,1
DA:323,2
DA:329,2
DA:330,2
DA:331,1
DA:333,1
DA:334,2
LF:104
LH:99
end_of_record
SF:lib/utils/page_transitions.dart
DA:7,1
DA:10,1
DA:11,1
DA:14,1
DA:17,1
DA:20,1
DA:23,1
DA:26,0
DA:32,1
DA:33,1
DA:38,1
DA:41,2
DA:42,1
DA:48,1
DA:50,1
DA:62,1
DA:63,1
DA:64,1
DA:67,1
DA:68,1
DA:79,1
DA:80,1
DA:81,1
DA:84,1
DA:85,1
DA:90,1
DA:92,2
DA:93,1
LF:28
LH:27
end_of_record
SF:lib/screens/daily_tasks_screen.dart
DA:17,26
DA:19,1
DA:20,1
DA:37,1
DA:39,1
DA:40,1
DA:41,1
DA:42,1
DA:44,3
DA:45,2
DA:46,2
DA:47,1
DA:48,1
DA:54,1
DA:55,1
DA:56,1
DA:57,2
DA:58,1
DA:59,1
DA:64,1
DA:66,2
DA:67,1
DA:70,1
DA:71,3
DA:75,4
DA:91,5
DA:93,3
DA:94,1
DA:97,2
DA:103,0
DA:107,1
DA:108,3
DA:111,1
DA:114,1
DA:115,1
DA:116,3
DA:119,4
DA:124,1
DA:126,5
DA:128,3
DA:129,1
DA:132,2
DA:138,0
DA:142,1
DA:143,2
DA:144,3
DA:148,1
DA:151,2
DA:152,2
DA:154,0
DA:156,3
DA:157,2
DA:158,2
DA:159,1
DA:160,1
DA:164,0
DA:165,0
DA:166,0
DA:167,0
DA:170,2
DA:172,3
DA:173,1
DA:178,0
DA:180,0
DA:181,0
DA:183,0
DA:186,0
DA:188,0
DA:189,0
DA:193,0
DA:196,0
DA:197,0
DA:199,0
DA:207,0
DA:209,0
DA:210,0
DA:212,0
DA:221,0
DA:223,0
DA:224,0
DA:226,0
DA:228,0
DA:230,0
DA:243,0
DA:244,0
DA:248,0
DA:249,0
DA:251,0
DA:255,0
DA:258,0
DA:259,0
DA:261,0
DA:264,0
DA:267,0
DA:268,0
DA:269,0
DA:270,0
DA:276,0
DA:280,0
DA:281,0
DA:283,0
DA:284,0
DA:299,0
DA:300,0
DA:301,0
DA:304,0
DA:307,0
DA:308,0
DA:310,0
DA:311,0
DA:313,0
DA:315,0
DA:316,0
DA:323,0
DA:324,0
DA:325,0
DA:326,0
DA:327,0
DA:328,0
DA:329,0
DA:332,0
DA:333,0
DA:334,0
DA:335,0
DA:338,0
DA:339,0
DA:340,0
DA:341,0
DA:342,0
DA:345,0
DA:346,0
DA:347,0
DA:348,0
DA:349,0
DA:350,0
DA:351,0
DA:354,0
DA:355,0
DA:356,0
DA:357,0
DA:358,0
DA:359,0
DA:360,0
DA:363,1
DA:366,1
DA:368,1
DA:369,1
DA:370,1
DA:371,1
DA:372,1
DA:373,1
DA:374,1
DA:375,0
DA:376,0
DA:377,1
DA:379,1
DA:380,1
DA:381,0
DA:382,0
DA:383,1
DA:385,1
DA:386,0
DA:387,0
DA:393,1
DA:394,1
DA:396,1
DA:397,1
DA:399,1
DA:401,1
DA:402,1
DA:403,1
DA:404,1
DA:405,1
DA:406,0
DA:407,0
DA:410,0
DA:414,0
DA:416,0
DA:419,0
DA:459,0
DA:462,0
DA:463,0
DA:464,0
DA:471,0
DA:472,0
DA:482,0
DA:483,0
DA:495,0
DA:497,0
DA:498,0
DA:501,0
DA:502,0
DA:503,0
DA:505,0
DA:514,0
DA:515,0
DA:525,0
DA:526,0
DA:527,0
DA:529,0
DA:530,0
DA:531,0
DA:541,0
DA:542,0
DA:543,0
DA:547,0
DA:548,0
DA:553,1
DA:556,1
DA:558,1
DA:561,3
DA:601,0
DA:604,0
DA:605,0
DA:606,0
DA:613,0
DA:614,0
DA:624,0
DA:625,0
DA:637,0
DA:639,0
DA:640,0
DA:643,0
DA:644,0
DA:645,0
DA:647,0
DA:656,0
DA:657,0
DA:667,0
DA:668,0
DA:669,0
DA:671,0
DA:672,0
DA:673,0
DA:676,0
DA:685,0
DA:688,0
DA:690,0
DA:692,0
DA:694,0
DA:695,0
DA:702,0
DA:703,0
DA:716,0
DA:717,0
DA:721,1
DA:722,1
DA:730,1
DA:734,1
DA:736,0
DA:739,0
DA:740,0
DA:743,0
DA:744,0
DA:751,0
DA:752,0
DA:753,0
DA:756,0
DA:757,0
DA:764,0
DA:765,0
DA:771,0
DA:774,2
DA:775,1
DA:776,0
DA:777,1
DA:778,1
DA:780,1
DA:782,1
DA:784,1
DA:785,1
DA:788,1
DA:789,1
DA:790,1
DA:792,1
DA:793,1
DA:794,2
DA:795,1
DA:796,1
DA:797,1
DA:798,1
DA:809,1
DA:810,3
DA:821,2
DA:822,0
DA:823,0
DA:824,0
DA:826,0
DA:829,0
DA:831,0
DA:833,0
DA:835,0
DA:836,0
DA:840,0
DA:844,0
DA:845,0
DA:846,0
DA:849,0
DA:861,2
DA:863,0
DA:865,0
DA:866,0
DA:867,0
DA:874,0
DA:875,0
DA:890,1
DA:891,1
DA:893,1
DA:894,1
DA:900,1
DA:902,4
DA:903,2
DA:904,3
DA:905,3
DA:907,1
DA:908,1
DA:910,1
DA:911,0
DA:912,0
DA:913,0
DA:916,0
DA:917,0
DA:920,1
DA:924,1
DA:928,1
DA:930,0
DA:933,1
DA:935,1
DA:936,1
DA:937,2
DA:938,1
DA:946,1
DA:947,2
DA:948,1
DA:963,0
DA:965,0
DA:970,0
DA:973,0
DA:975,0
DA:977,0
DA:979,0
DA:980,0
DA:982,0
DA:983,0
DA:991,0
DA:992,0
DA:1002,0
DA:1003,0
DA:1004,0
DA:1005,0
DA:1013,0
DA:1014,0
DA:1026,1
DA:1027,1
DA:1030,1
DA:1031,1
DA:1045,0
DA:1047,0
DA:1048,0
DA:1050,0
DA:1051,0
DA:1053,0
DA:1058,0
DA:1060,0
DA:1061,0
DA:1063,0
DA:1065,0
DA:1066,0
DA:1068,0
DA:1069,0
DA:1073,0
DA:1075,0
DA:1080,0
DA:1081,0
DA:1083,0
DA:1084,0
DA:1085,0
DA:1086,0
DA:1097,0
DA:1098,0
DA:1099,0
DA:1100,0
DA:1101,0
DA:1102,0
DA:1103,0
DA:1104,0
DA:1116,0
DA:1119,0
DA:1120,0
DA:1125,0
DA:1126,0
DA:1127,0
DA:1129,0
DA:1131,0
DA:1132,0
DA:1133,0
DA:1150,0
DA:1152,0
DA:1157,0
DA:1158,0
DA:1159,0
DA:1161,0
DA:1163,0
DA:1164,0
DA:1165,0
DA:1189,0
DA:1194,0
DA:1195,0
DA:1196,0
DA:1223,0
DA:1224,0
DA:1225,0
DA:1226,0
DA:1227,0
DA:1228,0
DA:1233,0
DA:1235,0
DA:1237,0
DA:1238,0
DA:1240,0
DA:1241,0
DA:1242,0
DA:1243,0
DA:1245,0
DA:1246,0
DA:1255,0
DA:1256,0
DA:1262,0
DA:1263,0
DA:1264,0
DA:1273,0
DA:1274,0
DA:1290,0
DA:1291,0
DA:1293,0
DA:1295,0
DA:1297,0
DA:1308,1
DA:1309,1
DA:1311,1
DA:1313,1
DA:1314,1
DA:1319,1
DA:1321,1
DA:1325,1
DA:1327,1
DA:1328,1
DA:1329,1
DA:1330,1
DA:1331,1
DA:1332,1
DA:1340,1
DA:1341,1
DA:1343,0
DA:1344,0
DA:1345,0
DA:1346,0
DA:1352,0
DA:1354,0
DA:1356,0
DA:1358,1
DA:1361,1
DA:1368,1
DA:1369,1
DA:1370,1
DA:1385,1
DA:1386,2
DA:1387,1
DA:1388,1
DA:1390,1
DA:1391,0
DA:1392,0
DA:1394,0
DA:1395,0
DA:1396,0
DA:1397,0
DA:1402,1
DA:1403,1
DA:1406,1
DA:1408,1
DA:1411,1
DA:1422,0
DA:1423,0
DA:1424,0
DA:1425,0
DA:1426,0
DA:1428,0
DA:1429,0
DA:1430,0
DA:1432,0
DA:1434,0
DA:1435,0
DA:1436,0
DA:1438,0
DA:1440,0
DA:1446,0
DA:1447,0
DA:1448,0
DA:1450,0
DA:1452,0
DA:1459,0
DA:1460,0
DA:1461,0
DA:1462,0
DA:1465,0
DA:1466,0
DA:1467,0
DA:1469,0
DA:1470,0
LF:509
LH:167
end_of_record
SF:lib/services/sound_service.dart
DA:8,4
DA:9,4
DA:11,2
DA:14,1
DA:15,1
DA:16,1
DA:19,1
DA:22,1
DA:23,1
DA:28,1
DA:32,2
DA:33,1
DA:38,1
DA:41,2
DA:43,2
DA:47,1
DA:50,1
DA:52,1
DA:53,1
DA:55,2
DA:59,1
LF:21
LH:21
end_of_record
SF:lib/services/quote_service.dart
DA:5,4
DA:6,4
DA:8,1
DA:10,1
DA:12,3
DA:116,1
DA:117,6
LF:7
LH:7
end_of_record
SF:lib/widgets/animated_checkbox.dart
DA:9,1
DA:17,1
DA:18,1
DA:26,1
DA:28,1
DA:29,2
DA:34,3
DA:35,1
DA:36,1
DA:41,2
DA:42,2
DA:46,1
DA:48,1
DA:49,4
DA:50,2
DA:51,2
DA:53,0
DA:58,1
DA:60,2
DA:61,1
DA:64,1
DA:66,2
DA:68,1
DA:69,2
DA:70,1
DA:71,1
DA:72,1
DA:73,1
DA:74,2
DA:75,2
DA:76,1
DA:77,2
DA:78,3
DA:81,1
DA:82,2
DA:83,3
DA:90,2
DA:91,1
DA:92,1
DA:93,2
DA:94,1
DA:109,1
DA:111,1
DA:113,1
DA:114,2
DA:115,1
DA:116,1
DA:117,1
DA:119,1
DA:120,5
DA:121,5
DA:122,5
DA:124,2
DA:125,2
DA:126,3
DA:127,1
DA:128,6
DA:129,6
DA:132,3
DA:133,3
DA:134,3
DA:135,1
DA:136,6
DA:137,6
DA:141,1
DA:144,1
DA:146,3
LF:67
LH:66
end_of_record
SF:lib/screens/settings_screen.dart
DA:19,2
DA:25,2
DA:26,2
DA:39,2
DA:41,2
DA:42,2
DA:43,2
DA:44,2
DA:46,2
DA:49,2
DA:50,4
DA:51,4
DA:53,1
DA:54,2
DA:55,1
DA:56,1
DA:61,2
DA:62,4
DA:63,1
DA:64,0
DA:65,0
DA:70,2
DA:71,4
DA:72,2
DA:74,1
DA:75,2
DA:76,2
DA:77,2
DA:82,2
DA:83,4
DA:84,2
DA:85,0
DA:88,0
DA:90,0
DA:91,0
DA:100,0
DA:102,0
DA:103,0
DA:104,0
DA:110,0
DA:125,0
DA:126,0
DA:127,0
DA:133,0
DA:134,0
DA:135,0
DA:136,0
DA:137,0
DA:138,0
DA:139,0
DA:141,0
DA:142,0
DA:156,0
DA:157,0
DA:158,0
DA:159,0
DA:169,0
DA:170,0
DA:171,0
DA:177,0
DA:178,0
DA:188,0
DA:189,0
DA:191,0
DA:192,0
DA:193,0
DA:194,0
DA:195,0
DA:196,0
DA:200,0
DA:206,2
DA:208,2
DA:210,2
DA:211,2
DA:213,2
DA:215,2
DA:230,2
DA:231,2
DA:233,2
DA:235,2
DA:246,2
DA:258,2
DA:270,2
DA:282,2
DA:294,2
DA:296,2
DA:298,0
DA:301,4
DA:303,0
DA:306,2
DA:308,0
DA:310,2
DA:311,2
DA:345,2
DA:349,2
DA:350,2
DA:352,2
DA:354,2
DA:355,2
DA:360,2
DA:362,2
DA:366,2
DA:368,2
DA:369,2
DA:370,2
DA:371,2
DA:372,2
DA:373,2
DA:381,2
DA:382,2
DA:384,0
DA:385,0
DA:386,0
DA:387,0
DA:393,2
DA:396,2
DA:403,2
DA:404,2
DA:405,2
DA:420,2
DA:421,2
DA:422,2
DA:423,2
DA:425,2
DA:426,0
DA:427,2
DA:428,2
DA:431,2
DA:433,2
DA:436,2
DA:447,2
DA:448,10
DA:450,2
DA:452,2
DA:454,2
DA:456,2
DA:457,2
DA:459,2
DA:460,2
DA:461,2
DA:463,2
DA:464,2
DA:465,2
DA:468,2
DA:471,2
DA:481,2
DA:482,2
DA:484,2
DA:485,2
DA:486,2
DA:494,2
DA:495,2
DA:496,0
DA:506,2
DA:507,2
DA:517,2
DA:518,2
DA:520,2
DA:522,2
DA:524,2
DA:525,2
DA:526,2
DA:530,2
DA:531,0
DA:532,0
DA:533,0
DA:537,2
DA:541,2
DA:542,0
DA:543,0
DA:544,0
DA:552,2
DA:559,2
DA:561,2
DA:562,2
DA:563,2
DA:565,2
DA:566,2
DA:567,2
DA:569,2
DA:572,2
DA:573,2
DA:582,2
DA:586,2
DA:595,2
DA:603,2
DA:605,2
DA:607,2
DA:609,2
DA:610,2
DA:611,2
DA:613,2
DA:614,2
DA:615,2
DA:617,2
DA:620,2
DA:621,2
DA:623,2
DA:624,2
DA:632,2
DA:634,2
DA:645,2
DA:656,2
DA:657,2
DA:659,2
DA:661,2
DA:663,2
DA:664,2
DA:665,2
DA:671,0
DA:674,2
DA:680,0
DA:687,2
DA:688,2
DA:690,2
DA:692,2
DA:694,2
DA:695,2
DA:696,2
DA:700,0
DA:702,0
DA:711,2
DA:715,0
DA:716,0
DA:717,0
DA:718,0
DA:726,2
DA:730,0
DA:732,0
DA:745,2
DA:746,2
DA:748,2
DA:750,2
DA:752,2
DA:756,0
DA:757,0
DA:758,0
DA:759,0
DA:812,0
DA:813,0
DA:814,0
DA:815,0
DA:828,0
DA:829,0
DA:831,0
DA:833,0
DA:835,0
DA:839,0
DA:840,0
DA:841,0
DA:842,0
DA:843,0
DA:851,0
DA:852,0
DA:854,0
DA:856,0
DA:858,0
DA:859,0
DA:860,0
DA:862,0
DA:863,0
DA:864,0
DA:866,0
DA:867,0
DA:868,0
DA:891,0
DA:892,0
DA:894,0
DA:896,0
DA:898,0
DA:899,0
DA:901,0
DA:910,0
DA:913,0
DA:916,0
DA:917,0
DA:918,0
DA:919,0
DA:920,0
DA:928,0
DA:930,0
DA:931,0
DA:932,0
DA:934,0
DA:935,0
DA:936,0
LF:286
LH:168
end_of_record
SF:lib/screens/tasks_list_screen.dart
DA:14,2
DA:22,2
DA:23,2
DA:34,2
DA:36,2
DA:37,6
DA:38,4
DA:39,4
DA:40,0
DA:41,0
DA:42,0
DA:46,2
DA:49,2
DA:50,2
DA:51,2
DA:52,4
DA:53,2
DA:54,2
DA:59,2
DA:61,2
DA:63,8
DA:64,4
DA:65,6
DA:70,2
DA:72,4
DA:73,2
DA:76,0
DA:77,0
DA:80,2
DA:81,2
DA:82,2
DA:83,2
DA:84,0
DA:85,0
DA:86,0
DA:87,0
DA:88,0
DA:89,0
DA:91,0
DA:95,1
DA:97,1
DA:99,1
DA:101,1
DA:108,2
DA:110,2
DA:112,2
DA:114,2
DA:115,2
DA:117,2
DA:118,2
DA:119,2
DA:120,2
DA:121,2
DA:122,2
DA:123,2
DA:125,2
DA:132,2
DA:133,4
DA:151,1
DA:152,0
DA:153,0
DA:156,0
DA:158,0
DA:159,0
DA:160,0
DA:161,0
DA:165,1
DA:167,1
DA:168,1
DA:169,1
DA:170,1
DA:177,2
DA:181,2
DA:182,2
DA:183,2
DA:185,0
DA:187,0
DA:189,0
DA:196,2
DA:197,2
DA:198,2
DA:201,2
DA:202,4
DA:213,2
DA:214,2
DA:216,2
DA:218,2
DA:219,2
DA:221,2
DA:222,2
DA:223,2
DA:224,4
DA:225,2
DA:251,2
DA:253,2
DA:255,0
DA:257,0
DA:259,0
DA:266,1
DA:268,4
DA:270,1
DA:273,1
DA:275,1
DA:276,1
DA:278,1
DA:280,1
DA:281,1
DA:282,1
DA:284,1
DA:287,1
DA:288,2
DA:294,1
DA:295,1
DA:297,1
DA:298,1
DA:299,1
DA:307,1
DA:308,1
DA:309,1
DA:310,1
DA:311,2
DA:319,2
DA:321,0
DA:326,0
DA:327,0
DA:328,0
DA:330,0
DA:332,0
DA:333,0
DA:334,0
DA:352,3
DA:354,1
DA:359,1
DA:360,1
DA:361,1
DA:363,1
DA:365,1
DA:366,1
DA:367,2
DA:391,1
DA:396,1
DA:397,1
DA:398,0
DA:426,0
DA:427,0
DA:428,0
DA:429,0
DA:430,0
DA:431,0
DA:435,0
DA:436,0
DA:437,0
DA:438,0
DA:439,0
DA:440,0
DA:442,0
DA:443,0
DA:452,0
DA:453,0
DA:459,0
DA:460,0
DA:461,0
DA:470,0
DA:471,0
DA:486,0
DA:487,0
DA:488,0
DA:496,1
DA:498,0
DA:500,0
DA:501,0
DA:502,0
DA:504,0
DA:506,0
DA:507,0
DA:508,0
DA:509,0
DA:510,0
DA:527,0
DA:532,0
DA:533,0
DA:534,0
DA:535,0
DA:552,0
DA:557,0
DA:558,0
DA:559,0
DA:560,0
DA:586,2
DA:587,2
DA:589,2
DA:591,2
DA:592,2
DA:597,2
DA:599,2
DA:603,2
DA:605,2
DA:606,2
DA:607,2
DA:608,2
DA:609,2
DA:610,2
DA:618,2
DA:619,2
DA:621,0
DA:622,0
DA:623,0
DA:624,0
DA:629,0
DA:631,2
DA:634,2
DA:641,2
DA:642,2
DA:643,2
DA:658,2
DA:659,2
DA:660,2
DA:661,2
DA:663,2
DA:664,0
DA:665,2
DA:666,2
DA:669,2
DA:671,2
DA:674,2
LF:225
LH:141
end_of_record
SF:lib/screens/developer_settings_screen.dart
DA:11,24
DA:13,0
DA:15,0
DA:24,0
DA:26,0
DA:27,0
DA:30,0
DA:31,0
DA:32,0
DA:33,0
DA:37,0
DA:38,0
DA:39,0
DA:40,0
DA:41,0
DA:91,0
DA:92,0
DA:93,0
DA:94,0
DA:104,0
DA:105,0
DA:106,0
DA:112,0
DA:113,0
DA:123,0
DA:125,0
DA:128,0
DA:129,0
DA:131,0
DA:133,0
DA:135,0
DA:141,0
DA:142,0
DA:145,0
DA:147,0
DA:149,0
DA:150,0
DA:154,0
DA:155,0
DA:156,0
DA:160,0
DA:167,0
DA:174,0
DA:185,0
DA:186,0
DA:187,0
DA:192,0
DA:193,0
DA:195,0
DA:196,0
DA:200,0
DA:201,0
DA:202,0
DA:207,0
DA:208,0
DA:210,0
DA:211,0
DA:215,0
DA:216,0
DA:217,0
DA:222,0
DA:223,0
DA:225,0
DA:226,0
DA:229,0
DA:230,0
DA:231,0
DA:234,0
DA:245,0
DA:246,0
DA:248,0
DA:250,0
DA:252,0
DA:253,0
DA:254,0
DA:256,0
DA:258,0
DA:260,0
DA:261,0
DA:262,0
DA:263,0
DA:264,0
DA:265,0
DA:270,0
DA:273,0
DA:274,0
DA:275,0
DA:278,0
DA:288,0
DA:289,0
DA:290,0
DA:291,0
DA:294,0
DA:295,0
DA:296,0
DA:305,0
DA:306,0
DA:307,0
DA:308,0
DA:318,0
DA:319,0
DA:320,0
DA:324,0
DA:325,0
DA:326,0
DA:335,0
DA:337,0
DA:338,0
DA:342,0
DA:343,0
DA:346,0
DA:347,0
DA:353,0
DA:357,0
DA:359,0
DA:360,0
DA:362,0
DA:364,0
DA:369,0
DA:371,0
DA:372,0
DA:373,0
DA:376,0
DA:385,0
DA:386,0
DA:387,0
DA:388,0
DA:391,0
DA:392,0
DA:393,0
DA:402,0
DA:404,0
DA:405,0
DA:406,0
DA:407,0
DA:420,0
DA:422,0
DA:423,0
DA:432,0
DA:437,0
DA:439,0
DA:440,0
DA:452,0
DA:454,0
DA:455,0
DA:463,0
DA:464,0
DA:465,0
DA:466,0
DA:474,0
DA:476,0
DA:478,0
DA:479,0
DA:481,0
DA:485,0
DA:487,0
DA:489,0
DA:500,0
DA:501,0
DA:503,0
DA:505,0
DA:506,0
DA:508,0
DA:509,0
DA:510,0
DA:533,0
DA:535,0
DA:549,0
DA:550,0
DA:552,0
DA:554,0
DA:555,0
DA:556,0
DA:557,0
DA:559,0
DA:560,0
DA:561,0
DA:588,0
DA:591,0
DA:592,0
DA:594,0
DA:595,0
DA:596,0
DA:619,0
DA:634,0
DA:637,0
DA:638,0
DA:640,0
DA:641,0
DA:642,0
DA:665,0
DA:680,0
DA:696,0
DA:697,0
DA:699,0
DA:700,0
DA:701,0
DA:705,0
DA:706,0
DA:708,0
DA:709,0
DA:710,0
DA:737,0
LF:203
LH:1
end_of_record
SF:lib/screens/feedback_screen.dart
DA:5,24
DA:7,0
DA:8,0
DA:19,0
DA:21,0
DA:22,0
DA:23,0
DA:26,0
DA:27,0
DA:29,0
DA:30,0
DA:40,0
DA:41,0
DA:45,0
DA:47,0
DA:49,0
DA:52,0
DA:55,0
DA:62,0
DA:64,0
DA:74,0
DA:75,0
DA:76,0
DA:77,0
DA:84,0
DA:85,0
DA:86,0
DA:92,0
DA:94,0
DA:96,0
DA:99,0
DA:101,0
DA:112,0
DA:113,0
DA:115,0
DA:117,0
DA:127,0
DA:128,0
DA:130,0
DA:131,0
DA:133,0
DA:134,0
DA:137,0
DA:138,0
DA:139,0
DA:157,0
DA:158,0
DA:159,0
DA:160,0
DA:178,0
DA:179,0
DA:181,0
DA:182,0
DA:184,0
DA:185,0
DA:212,0
DA:213,0
DA:214,0
DA:218,0
DA:219,0
DA:220,0
DA:225,0
LF:62
LH:1
end_of_record
SF:lib/screens/landing_screen.dart
DA:10,1
DA:15,1
DA:16,1
DA:23,1
DA:25,1
DA:27,2
DA:30,0
DA:31,0
DA:34,0
DA:38,0
DA:39,0
DA:40,0
DA:45,0
DA:46,0
DA:47,0
DA:57,0
DA:58,0
DA:59,0
DA:60,0
DA:61,0
DA:62,0
DA:71,1
DA:73,1
DA:75,1
DA:76,1
DA:77,1
DA:78,1
DA:79,1
DA:80,2
DA:81,1
DA:89,1
DA:93,1
DA:94,1
DA:96,1
DA:98,1
DA:99,1
DA:133,1
DA:134,1
DA:136,1
DA:137,1
DA:138,1
DA:143,1
DA:148,1
DA:153,1
DA:163,1
DA:168,1
DA:171,1
DA:173,1
DA:175,1
DA:176,1
DA:177,1
DA:180,1
DA:181,1
DA:182,1
DA:184,1
DA:191,1
DA:192,1
DA:194,1
DA:195,1
DA:204,1
DA:219,1
DA:220,1
DA:222,1
DA:223,1
DA:225,1
DA:239,1
DA:242,1
DA:243,2
DA:244,1
DA:248,1
DA:249,1
DA:250,1
DA:253,1
DA:281,1
DA:284,1
DA:285,2
DA:286,1
DA:289,1
DA:290,1
DA:322,1
DA:325,1
DA:327,1
LF:82
LH:67
end_of_record
SF:lib/services/auth_service.dart
DA:9,16
DA:10,12
DA:12,1
DA:19,5
DA:20,5
DA:21,4
DA:22,4
DA:24,1
DA:34,0
DA:36,0
DA:37,9
DA:38,4
DA:39,4
DA:41,1
DA:43,1
DA:46,2
DA:50,1
DA:54,3
DA:58,1
DA:60,1
DA:63,1
DA:64,1
DA:65,1
DA:68,1
DA:71,2
DA:73,4
DA:76,1
DA:77,2
DA:78,1
DA:83,2
DA:88,1
DA:89,1
DA:92,1
DA:95,1
DA:98,3
DA:99,3
DA:103,1
DA:104,3
DA:108,1
DA:110,2
DA:111,2
DA:113,1
DA:114,1
DA:115,1
DA:118,2
DA:119,2
DA:121,0
DA:125,3
DA:126,3
DA:127,3
DA:128,5
DA:131,1
DA:132,1
DA:133,1
DA:134,1
DA:135,2
LF:56
LH:53
end_of_record
SF:lib/services/performance_service.dart
DA:11,30
DA:15,20
DA:17,10
DA:20,3
DA:22,6
DA:23,2
DA:26,2
DA:28,2
DA:29,3
DA:32,0
DA:40,1
DA:45,0
DA:48,0
DA:50,0
DA:54,2
DA:55,2
DA:56,1
DA:57,2
DA:61,2
DA:62,2
DA:63,1
DA:64,1
DA:69,2
DA:70,1
DA:74,2
DA:78,4
DA:80,2
DA:81,2
DA:84,1
DA:90,1
DA:94,2
DA:96,1
DA:97,1
DA:100,0
DA:106,1
DA:112,1
DA:114,1
DA:117,1
DA:121,2
DA:122,3
DA:126,1
DA:129,1
DA:133,2
DA:134,3
DA:138,1
DA:141,1
DA:147,1
DA:148,1
DA:152,1
DA:153,1
LF:50
LH:45
end_of_record
SF:lib/services/crashlytics_service.dart
DA:12,27
DA:16,18
DA:18,9
DA:21,1
DA:23,2
DA:24,1
DA:27,1
DA:29,1
DA:30,3
DA:33,0
DA:41,1
DA:46,0
DA:49,0
DA:52,0
DA:53,0
DA:59,0
DA:61,0
DA:65,1
DA:66,1
DA:67,1
DA:68,2
DA:72,1
DA:78,1
DA:79,1
DA:88,1
DA:89,1
DA:90,1
DA:94,1
DA:95,1
DA:96,1
DA:100,1
DA:101,1
DA:102,1
DA:106,1
DA:107,1
DA:111,1
DA:112,1
LF:37
LH:30
end_of_record
SF:lib/services/feature_flags_service.dart
DA:12,9
DA:13,6
DA:15,0
DA:21,1
DA:22,0
DA:23,0
DA:25,3
DA:26,3
DA:27,3
DA:32,1
DA:34,2
DA:35,2
DA:37,1
DA:38,2
DA:39,1
DA:40,4
DA:41,1
DA:42,5
DA:44,1
DA:45,1
DA:48,2
DA:49,1
DA:54,3
DA:56,8
DA:57,3
DA:61,4
DA:64,1
DA:65,1
DA:69,1
DA:70,1
DA:76,2
DA:79,0
DA:83,2
DA:84,2
DA:87,1
DA:90,0
DA:91,0
DA:95,2
DA:96,2
DA:99,0
DA:105,3
DA:106,3
DA:109,1
DA:114,1
DA:115,1
DA:118,1
DA:119,4
DA:120,0
DA:123,1
DA:124,1
DA:127,1
DA:128,0
DA:133,2
DA:136,0
DA:139,2
DA:141,1
DA:144,0
DA:147,1
DA:148,4
DA:149,3
DA:150,1
DA:152,0
DA:153,0
DA:158,1
DA:159,2
DA:160,1
LF:66
LH:53
end_of_record
SF:lib/services/remote_config_service.dart
DA:9,12
DA:12,8
DA:14,4
DA:19,1
DA:24,0
DA:27,0
DA:55,0
DA:63,0
DA:64,0
DA:65,0
DA:68,0
DA:69,0
DA:70,0
DA:72,0
DA:74,0
DA:79,1
DA:81,1
DA:84,2
DA:94,1
DA:95,1
DA:99,1
DA:100,1
DA:104,1
DA:105,1
DA:109,1
DA:110,1
DA:114,1
DA:115,1
DA:119,1
DA:120,1
DA:128,1
DA:129,1
DA:133,1
DA:134,1
DA:138,1
DA:139,1
DA:143,1
DA:144,1
DA:148,1
DA:149,1
DA:153,1
DA:154,1
DA:162,1
DA:163,3
DA:167,1
DA:168,1
DA:172,1
DA:173,1
DA:177,1
DA:178,1
DA:182,1
DA:183,1
DA:187,1
DA:188,1
DA:192,1
DA:193,1
LF:56
LH:45
end_of_record
SF:lib/services/rating_service.dart
DA:12,9
DA:13,8
DA:16,2
DA:17,2
DA:20,2
DA:21,2
DA:22,2
DA:24,4
DA:25,6
DA:26,6
DA:27,6
DA:30,2
DA:35,2
DA:36,4
DA:37,2
DA:38,2
DA:43,2
DA:44,2
DA:45,1
DA:49,3
DA:53,2
DA:54,4
DA:55,2
DA:58,4
DA:59,6
DA:62,2
DA:63,2
DA:64,2
DA:67,1
DA:69,4
DA:70,4
DA:72,4
DA:74,4
DA:76,6
DA:82,2
DA:83,2
DA:84,2
DA:85,2
DA:86,2
DA:87,4
DA:88,2
DA:92,1
DA:93,1
DA:94,1
DA:98,1
DA:99,1
DA:100,1
DA:104,1
DA:105,1
DA:106,1
DA:107,1
DA:108,1
DA:112,1
DA:113,2
LF:54
LH:54
end_of_record
SF:lib/screens/name_input_screen.dart
DA:7,1
DA:9,1
DA:10,1
DA:18,1
DA:20,1
DA:21,3
DA:24,1
DA:25,2
DA:26,5
DA:30,0
DA:31,0
DA:32,0
DA:36,0
DA:37,0
DA:39,0
DA:40,0
DA:43,0
DA:46,0
DA:48,0
DA:49,0
DA:50,0
DA:55,1
DA:57,2
DA:58,1
DA:61,1
DA:63,1
DA:65,1
DA:66,1
DA:67,1
DA:69,1
DA:70,1
DA:71,4
DA:72,4
DA:73,3
DA:75,1
DA:76,1
DA:78,1
DA:99,1
DA:100,1
DA:106,1
DA:108,1
DA:109,1
DA:132,1
DA:133,1
DA:136,1
DA:137,2
DA:138,1
DA:141,1
DA:142,1
DA:146,1
DA:148,1
DA:149,1
DA:151,1
DA:152,1
DA:160,1
DA:162,1
LF:56
LH:44
end_of_record
SF:lib/screens/splash_screen.dart
DA:5,1
DA:7,1
DA:8,1
DA:16,1
DA:18,1
DA:20,2
DA:25,3
DA:26,1
DA:27,1
DA:32,2
DA:34,1
DA:37,1
DA:38,1
DA:40,1
DA:42,1
DA:44,1
DA:46,1
DA:49,3
DA:51,3
DA:55,1
DA:57,2
DA:58,1
DA:61,1
DA:63,1
DA:65,1
DA:66,1
DA:67,1
LF:27
LH:27
end_of_record
